#
# There is insufficient memory for the Java Runtime Environment to continue.
# Native memory allocation (malloc) failed to allocate 2129472 bytes for Chunk::new
# Possible reasons:
#   The system is out of physical RAM or swap space
#   The process is running with CompressedOops enabled, and the Java Heap may be blocking the growth of the native heap
# Possible solutions:
#   Reduce memory load on the system
#   Increase physical memory or swap space
#   Check if swap backing store is full
#   Decrease Java heap size (-Xmx/-Xms)
#   Decrease number of Java threads
#   Decrease Java thread stack sizes (-Xss)
#   Set larger code cache with -XX:ReservedCodeCacheSize=
#   JVM is running with Unscaled Compressed Oops mode in which the Java heap is
#     placed in the first 4GB address space. The Java Heap base address is the
#     maximum limit for the native heap growth. Please use -XX:HeapBaseMinAddress
#     to set the Java Heap base and to place the Java Heap above 4GB virtual address.
# This output file may be truncated or incomplete.
#
#  Out of Memory Error (allocation.cpp:389), pid=5004, tid=0x0000000000004440
#
# JRE version: OpenJDK Runtime Environment (8.0_262-b10) (build 1.8.0_262-b10)
# Java VM: OpenJDK 64-Bit Server VM (25.262-b10 mixed mode windows-amd64 compressed oops)
# Failed to write core dump. Minidumps are not enabled by default on client versions of Windows
#

---------------  T H R E A D  ---------------

Current thread (0x00000000189c5000):  JavaThread "C2 CompilerThread0" daemon [_thread_in_native, id=17472, stack(0x0000000019eb0000,0x0000000019fb0000)]

Stack: [0x0000000019eb0000,0x0000000019fb0000]
[error occurred during error reporting (printing stack bounds), id 0xc0000005]

Native frames: (J=compiled Java code, j=interpreted, Vv=VM code, C=native code)


Current CompileTask:
C2: 316210 21674       4       com.sun.tools.javac.comp.Resolve::findType (467 bytes)


---------------  P R O C E S S  ---------------

Java Threads: ( => current thread )
  0x000000001ac5e000 JavaThread "Cache worker for Java compile cache (E:\AndroidProject\amotion_newest\Android-Motion-master\Android-Motion-master\.gradle\5.4.1\javaCompile)" [_thread_blocked, id=11808, stack(0x00000000297d0000,0x00000000298d0000)]
  0x000000001ac5d800 JavaThread "Cache worker for execution history cache (E:\AndroidProject\amotion_newest\Android-Motion-master\Android-Motion-master\.gradle\5.4.1\executionHistory)" [_thread_blocked, id=12412, stack(0x00000000296d0000,0x00000000297d0000)]
  0x000000001ac5c000 JavaThread "Execution worker for ':' Thread 11" [_thread_blocked, id=21120, stack(0x00000000295d0000,0x00000000296d0000)]
  0x000000001ac60800 JavaThread "Execution worker for ':' Thread 10" [_thread_blocked, id=19016, stack(0x00000000292d0000,0x00000000293d0000)]
  0x000000001eb15000 JavaThread "Execution worker for ':' Thread 9" [_thread_blocked, id=28360, stack(0x0000000028ed0000,0x0000000028fd0000)]
  0x000000001eb14000 JavaThread "Execution worker for ':' Thread 8" [_thread_blocked, id=1068, stack(0x0000000028dd0000,0x0000000028ed0000)]
  0x000000001eb11000 JavaThread "Execution worker for ':' Thread 7" [_thread_blocked, id=28176, stack(0x0000000028cd0000,0x0000000028dd0000)]
  0x000000001eb13800 JavaThread "Execution worker for ':' Thread 6" [_thread_in_vm, id=3180, stack(0x0000000028bd0000,0x0000000028cd0000)]
  0x000000001eb12000 JavaThread "Execution worker for ':' Thread 5" [_thread_blocked, id=6716, stack(0x00000000278f0000,0x00000000279f0000)]
  0x000000001eb0f800 JavaThread "Execution worker for ':' Thread 4" [_thread_blocked, id=8176, stack(0x00000000277f0000,0x00000000278f0000)]
  0x000000001eb08000 JavaThread "Execution worker for ':' Thread 3" [_thread_blocked, id=26796, stack(0x00000000276f0000,0x00000000277f0000)]
  0x000000001eb0b000 JavaThread "Execution worker for ':' Thread 2" [_thread_blocked, id=25552, stack(0x0000000025d80000,0x0000000025e80000)]
  0x000000001eb0f000 JavaThread "Execution worker for ':'" [_thread_blocked, id=11420, stack(0x0000000025a80000,0x0000000025b80000)]
  0x000000001eb09800 JavaThread "Cache worker for file content cache (E:\AndroidProject\amotion_newest\Android-Motion-master\Android-Motion-master\.gradle\5.4.1\fileContent)" [_thread_blocked, id=28440, stack(0x0000000024d80000,0x0000000024e80000)]
  0x000000001eb07800 JavaThread "Cache worker for Build Output Cleanup Cache (E:\AndroidProject\amotion_newest\Android-Motion-master\Android-Motion-master\.gradle\buildOutputCleanup)" [_thread_blocked, id=18244, stack(0x0000000023690000,0x0000000023790000)]
  0x000000001eb0a800 JavaThread "pool-10-thread-1" [_thread_blocked, id=28364, stack(0x0000000023590000,0x0000000023690000)]
  0x000000001eb0c800 JavaThread "Build operations Thread 12" [_thread_blocked, id=10360, stack(0x0000000023490000,0x0000000023590000)]
  0x000000001eb06800 JavaThread "Build operations Thread 11" [_thread_blocked, id=11620, stack(0x0000000023390000,0x0000000023490000)]
  0x000000001eb0d800 JavaThread "Build operations Thread 10" [_thread_blocked, id=10344, stack(0x0000000023290000,0x0000000023390000)]
  0x000000001eb09000 JavaThread "Build operations Thread 9" [_thread_blocked, id=12768, stack(0x0000000023190000,0x0000000023290000)]
  0x000000001aa23000 JavaThread "Build operations Thread 8" [_thread_blocked, id=28112, stack(0x0000000023090000,0x0000000023190000)]
  0x000000001aa22000 JavaThread "Build operations Thread 7" [_thread_blocked, id=11280, stack(0x0000000022f90000,0x0000000023090000)]
  0x000000001aa25000 JavaThread "Build operations Thread 6" [_thread_blocked, id=23496, stack(0x0000000022e90000,0x0000000022f90000)]
  0x000000001aa21800 JavaThread "Build operations Thread 5" [_thread_blocked, id=18584, stack(0x0000000022d90000,0x0000000022e90000)]
  0x000000001aa24800 JavaThread "Build operations Thread 4" [_thread_blocked, id=2344, stack(0x0000000022c90000,0x0000000022d90000)]
  0x000000001aa1a000 JavaThread "Build operations Thread 3" [_thread_blocked, id=16040, stack(0x0000000022b90000,0x0000000022c90000)]
  0x000000001aa20800 JavaThread "Build operations Thread 2" [_thread_blocked, id=28124, stack(0x0000000022a90000,0x0000000022b90000)]
  0x000000001aa19000 JavaThread "Build operations" [_thread_blocked, id=24088, stack(0x0000000022330000,0x0000000022430000)]
  0x000000001aa1f000 JavaThread "Cache worker for cache directory md-rule (C:\Users\ASUS\gradle-5.4.1-all\caches\5.4.1\md-rule)" [_thread_blocked, id=27772, stack(0x0000000020610000,0x0000000020710000)]
  0x000000001aa20000 JavaThread "Cache worker for cache directory md-supplier (C:\Users\ASUS\gradle-5.4.1-all\caches\5.4.1\md-supplier)" [_thread_blocked, id=18528, stack(0x00000000204a0000,0x00000000205a0000)]
  0x000000001aa1d800 JavaThread "Cache worker for file hash cache (E:\AndroidProject\amotion_newest\Android-Motion-master\Android-Motion-master\.gradle\5.4.1\fileHashes)" [_thread_blocked, id=15012, stack(0x000000001db00000,0x000000001dc00000)]
  0x000000001aa1a800 JavaThread "Thread-251" [_thread_blocked, id=26684, stack(0x000000001d800000,0x000000001d900000)]
  0x000000001aa1e800 JavaThread "Stdin handler" [_thread_blocked, id=17084, stack(0x000000001d600000,0x000000001d700000)]
  0x000000001aa1b800 JavaThread "Asynchronous log dispatcher for DefaultDaemonConnection: socket connection from /127.0.0.1:9572 to /127.0.0.1:1681" [_thread_blocked, id=20444, stack(0x000000001d300000,0x000000001d400000)]
  0x000000001aa18800 JavaThread "Cancel handler" [_thread_blocked, id=16532, stack(0x0000000001260000,0x0000000001360000)]
  0x000000001aa1d000 JavaThread "Handler for socket connection from /127.0.0.1:9572 to /127.0.0.1:1681" [_thread_in_native, id=27712, stack(0x00000000010f0000,0x00000000011f0000)]
  0x000000001c85d800 JavaThread "Cache worker for Java compile cache (C:\Users\ASUS\gradle-5.4.1-all\caches\5.4.1\javaCompile)" [_thread_blocked, id=2384, stack(0x000000002ae70000,0x000000002af70000)]
  0x0000000026be5800 JavaThread "Daemon worker Thread 2" [_thread_blocked, id=19924, stack(0x000000001d200000,0x000000001d300000)]
  0x0000000026be4000 JavaThread "Daemon Thread 2" [_thread_blocked, id=13176, stack(0x0000000000ed0000,0x0000000000fd0000)]
  0x000000001c85e000 JavaThread "Cache worker for file content cache (C:\Users\ASUS\gradle-5.4.1-all\caches\5.4.1\fileContent)" [_thread_blocked, id=24588, stack(0x0000000025980000,0x0000000025a80000)]
  0x000000001c859000 JavaThread "Memory manager" [_thread_blocked, id=19776, stack(0x0000000025880000,0x0000000025980000)]
  0x000000001aa17800 JavaThread "Cache worker for execution history cache (C:\Users\ASUS\gradle-5.4.1-all\caches\5.4.1\executionHistory)" [_thread_blocked, id=26932, stack(0x0000000020780000,0x0000000020880000)]
  0x000000001bfc4000 JavaThread "Cache worker for journal cache (C:\Users\ASUS\gradle-5.4.1-all\caches\journal-1)" [_thread_blocked, id=13292, stack(0x000000001e000000,0x000000001e100000)]
  0x000000001bfc3000 JavaThread "File lock request listener" [_thread_in_native, id=3968, stack(0x000000001df00000,0x000000001e000000)]
  0x000000001bfc2800 JavaThread "Cache worker for file hash cache (C:\Users\ASUS\gradle-5.4.1-all\caches\5.4.1\fileHashes)" [_thread_blocked, id=25592, stack(0x000000001de00000,0x000000001df00000)]
  0x000000001bc01800 JavaThread "Daemon periodic checks" [_thread_blocked, id=27420, stack(0x000000001d100000,0x000000001d200000)]
  0x000000001aec2000 JavaThread "Incoming local TCP Connector on port 9572" [_thread_in_native, id=5916, stack(0x000000001cf50000,0x000000001d050000)]
  0x000000001b739000 JavaThread "Daemon health stats" [_thread_blocked, id=18196, stack(0x000000001cc50000,0x000000001cd50000)]
  0x0000000018a1b800 JavaThread "Service Thread" daemon [_thread_blocked, id=27092, stack(0x000000001a2b0000,0x000000001a3b0000)]
  0x00000000189d0000 JavaThread "C1 CompilerThread3" daemon [_thread_blocked, id=28096, stack(0x000000001a1b0000,0x000000001a2b0000)]
  0x00000000189cf800 JavaThread "C2 CompilerThread2" daemon [_thread_in_native, id=27068, stack(0x000000001a0b0000,0x000000001a1b0000)]
  0x00000000189ca800 JavaThread "C2 CompilerThread1" daemon [_thread_in_native, id=21164, stack(0x0000000019fb0000,0x000000001a0b0000)]
=>0x00000000189c5000 JavaThread "C2 CompilerThread0" daemon [_thread_in_native, id=17472, stack(0x0000000019eb0000,0x0000000019fb0000)]
  0x00000000189c1800 JavaThread "Attach Listener" daemon [_thread_blocked, id=18136, stack(0x0000000019db0000,0x0000000019eb0000)]
  0x00000000189c0800 JavaThread "Signal Dispatcher" daemon [_thread_blocked, id=27532, stack(0x0000000019cb0000,0x0000000019db0000)]
  0x000000001726e000 JavaThread "Finalizer" daemon [_thread_blocked, id=27604, stack(0x0000000019bb0000,0x0000000019cb0000)]
  0x0000000003208800 JavaThread "Reference Handler" daemon [_thread_blocked, id=20496, stack(0x0000000019ab0000,0x0000000019bb0000)]
  0x00000000032ae800 JavaThread "main" [_thread_blocked, id=27640, stack(0x0000000002c80000,0x0000000002d80000)]

Other Threads:
  0x0000000017266000 VMThread [stack: 0x00000000199b0000,0x0000000019ab0000] [id=18308]
  0x0000000018a1d800 WatcherThread [stack: 0x000000001a3b0000,0x000000001a4b0000] [id=3496]

VM state:not at safepoint (normal execution)

VM Mutex/Monitor currently owned by a thread:  ([mutex/lock_event])
[0x00000000032acd50] CodeCache_lock - owner thread: 0x0000000000000000

heap address: 0x00000000a0000000, size: 1536 MB, Compressed Oops mode: 32-bit
Narrow klass base: 0x0000000000000000, Narrow klass shift: 3
Compressed class space size: 1073741824 Address: 0x0000000100000000

Heap:
 PSYoungGen      total 332288K, used 191941K [0x00000000e0000000, 0x00000000fbe00000, 0x0000000100000000)
  eden space 262656K, 73% used [0x00000000e0000000,0x00000000ebb71620,0x00000000f0080000)
  from space 69632K, 0% used [0x00000000f0080000,0x00000000f0080000,0x00000000f4480000)
  to   space 84992K, 0% used [0x00000000f6b00000,0x00000000f6b00000,0x00000000fbe00000)
 ParOldGen       total 456192K, used 110413K [0x00000000a0000000, 0x00000000bbd80000, 0x00000000e0000000)
  object space 456192K, 24% used [0x00000000a0000000,0x00000000a6bd37c0,0x00000000bbd80000)
 Metaspace       used 96878K, capacity 100278K, committed 101544K, reserved 1138688K
  class space    used 11979K, capacity 12686K, committed 12968K, reserved 1048576K

Card table byte_map: [0x0000000012670000,0x0000000012980000] byte_map_base: 0x0000000012170000

Marking Bits: (ParMarkBitMap*) 0x00000000675fbe90
 Begin Bits: [0x0000000013580000, 0x0000000014d80000)
 End Bits:   [0x0000000014d80000, 0x0000000016580000)

Polling page: 0x0000000000bc0000

CodeCache: size=245760Kb used=58949Kb max_used=58949Kb free=186810Kb
 bounds [0x00000000032b0000, 0x0000000006c90000, 0x00000000122b0000]
 total_blobs=18136 nmethods=17215 adapters=831
 compilation: enabled

Compilation events (10 events):
Event: 316.202 Thread 0x00000000189d0000 21819       3       com.sun.tools.javac.code.Types$MethodFilter::accepts (97 bytes)
Event: 316.203 Thread 0x00000000189d0000 nmethod 21819 0x0000000006c7f690 code [0x0000000006c7f8c0, 0x0000000006c80648]
Event: 316.203 Thread 0x00000000189d0000 21820       3       com.sun.tools.javac.code.Types::rank (277 bytes)
Event: 316.203 Thread 0x00000000189ca800 21822       4       com.sun.tools.javac.code.Types$13::visitClassType (10 bytes)
Event: 316.203 Thread 0x00000000189d0000 nmethod 21820 0x0000000006c818d0 code [0x0000000006c81c20, 0x0000000006c83b18]
Event: 316.203 Thread 0x00000000189d0000 21818       3       com.sun.tools.javac.code.Types$MethodFilter::accepts (9 bytes)
Event: 316.204 Thread 0x00000000189d0000 nmethod 21818 0x0000000006c7f210 code [0x0000000006c7f380, 0x0000000006c7f5e8]
Event: 316.204 Thread 0x00000000189d0000 21821       1       com.sun.tools.javac.code.Scope$CompoundScope::getMark (5 bytes)
Event: 316.204 Thread 0x00000000189d0000 nmethod 21821 0x0000000006c7ef50 code [0x0000000006c7f0a0, 0x0000000006c7f1b0]
Event: 316.205 Thread 0x00000000189d0000 21824   !   3       com.sun.tools.javac.code.Types$MembersClosureCache::visitClassType (216 bytes)

GC Heap History (10 events):
Event: 192.096 GC heap before
{Heap before GC invocations=23 (full 3):
 PSYoungGen      total 323584K, used 285448K [0x00000000e0000000, 0x00000000f9c80000, 0x0000000100000000)
  eden space 247808K, 100% used [0x00000000e0000000,0x00000000ef200000,0x00000000ef200000)
  from space 75776K, 49% used [0x00000000ef200000,0x00000000f16c20f0,0x00000000f3c00000)
  to   space 73728K, 0% used [0x00000000f5480000,0x00000000f5480000,0x00000000f9c80000)
 ParOldGen       total 251904K, used 164837K [0x00000000a0000000, 0x00000000af600000, 0x00000000e0000000)
  object space 251904K, 65% used [0x00000000a0000000,0x00000000aa0f9488,0x00000000af600000)
 Metaspace       used 92835K, capacity 96716K, committed 96808K, reserved 1134592K
  class space    used 11793K, capacity 12536K, committed 12584K, reserved 1048576K
Event: 192.119 GC heap after
Heap after GC invocations=23 (full 3):
 PSYoungGen      total 334336K, used 37480K [0x00000000e0000000, 0x00000000f9380000, 0x0000000100000000)
  eden space 269824K, 0% used [0x00000000e0000000,0x00000000e0000000,0x00000000f0780000)
  from space 64512K, 58% used [0x00000000f5480000,0x00000000f791a158,0x00000000f9380000)
  to   space 71680K, 0% used [0x00000000f0780000,0x00000000f0780000,0x00000000f4d80000)
 ParOldGen       total 251904K, used 164845K [0x00000000a0000000, 0x00000000af600000, 0x00000000e0000000)
  object space 251904K, 65% used [0x00000000a0000000,0x00000000aa0fb488,0x00000000af600000)
 Metaspace       used 92835K, capacity 96716K, committed 96808K, reserved 1134592K
  class space    used 11793K, capacity 12536K, committed 12584K, reserved 1048576K
}
Event: 240.229 GC heap before
{Heap before GC invocations=24 (full 3):
 PSYoungGen      total 334336K, used 307291K [0x00000000e0000000, 0x00000000f9380000, 0x0000000100000000)
  eden space 269824K, 99% used [0x00000000e0000000,0x00000000f077cb78,0x00000000f0780000)
  from space 64512K, 58% used [0x00000000f5480000,0x00000000f791a158,0x00000000f9380000)
  to   space 71680K, 0% used [0x00000000f0780000,0x00000000f0780000,0x00000000f4d80000)
 ParOldGen       total 251904K, used 164845K [0x00000000a0000000, 0x00000000af600000, 0x00000000e0000000)
  object space 251904K, 65% used [0x00000000a0000000,0x00000000aa0fb488,0x00000000af600000)
 Metaspace       used 93103K, capacity 97112K, committed 97320K, reserved 1134592K
  class space    used 11799K, capacity 12548K, committed 12584K, reserved 1048576K
Event: 240.249 GC heap after
Heap after GC invocations=24 (full 3):
 PSYoungGen      total 341504K, used 46801K [0x00000000e0000000, 0x00000000fa980000, 0x0000000100000000)
  eden space 269824K, 0% used [0x00000000e0000000,0x00000000e0000000,0x00000000f0780000)
  from space 71680K, 65% used [0x00000000f0780000,0x00000000f3534770,0x00000000f4d80000)
  to   space 73216K, 0% used [0x00000000f6200000,0x00000000f6200000,0x00000000fa980000)
 ParOldGen       total 251904K, used 164853K [0x00000000a0000000, 0x00000000af600000, 0x00000000e0000000)
  object space 251904K, 65% used [0x00000000a0000000,0x00000000aa0fd488,0x00000000af600000)
 Metaspace       used 93103K, capacity 97112K, committed 97320K, reserved 1134592K
  class space    used 11799K, capacity 12548K, committed 12584K, reserved 1048576K
}
Event: 313.572 GC heap before
{Heap before GC invocations=25 (full 3):
 PSYoungGen      total 341504K, used 316625K [0x00000000e0000000, 0x00000000fa980000, 0x0000000100000000)
  eden space 269824K, 100% used [0x00000000e0000000,0x00000000f0780000,0x00000000f0780000)
  from space 71680K, 65% used [0x00000000f0780000,0x00000000f3534770,0x00000000f4d80000)
  to   space 73216K, 0% used [0x00000000f6200000,0x00000000f6200000,0x00000000fa980000)
 ParOldGen       total 251904K, used 164853K [0x00000000a0000000, 0x00000000af600000, 0x00000000e0000000)
  object space 251904K, 65% used [0x00000000a0000000,0x00000000aa0fd488,0x00000000af600000)
 Metaspace       used 93489K, capacity 97448K, committed 97576K, reserved 1134592K
  class space    used 11818K, capacity 12583K, committed 12584K, reserved 1048576K
Event: 313.590 GC heap after
Heap after GC invocations=25 (full 3):
 PSYoungGen      total 302080K, used 34160K [0x00000000e0000000, 0x00000000f8880000, 0x0000000100000000)
  eden space 262656K, 0% used [0x00000000e0000000,0x00000000e0000000,0x00000000f0080000)
  from space 39424K, 86% used [0x00000000f6200000,0x00000000f835c280,0x00000000f8880000)
  to   space 69632K, 0% used [0x00000000f0080000,0x00000000f0080000,0x00000000f4480000)
 ParOldGen       total 251904K, used 164861K [0x00000000a0000000, 0x00000000af600000, 0x00000000e0000000)
  object space 251904K, 65% used [0x00000000a0000000,0x00000000aa0ff488,0x00000000af600000)
 Metaspace       used 93489K, capacity 97448K, committed 97576K, reserved 1134592K
  class space    used 11818K, capacity 12583K, committed 12584K, reserved 1048576K
}
Event: 315.183 GC heap before
{Heap before GC invocations=26 (full 3):
 PSYoungGen      total 302080K, used 263346K [0x00000000e0000000, 0x00000000f8880000, 0x0000000100000000)
  eden space 262656K, 87% used [0x00000000e0000000,0x00000000edfd06a0,0x00000000f0080000)
  from space 39424K, 86% used [0x00000000f6200000,0x00000000f835c280,0x00000000f8880000)
  to   space 69632K, 0% used [0x00000000f0080000,0x00000000f0080000,0x00000000f4480000)
 ParOldGen       total 251904K, used 164861K [0x00000000a0000000, 0x00000000af600000, 0x00000000e0000000)
  object space 251904K, 65% used [0x00000000a0000000,0x00000000aa0ff488,0x00000000af600000)
 Metaspace       used 94539K, capacity 98530K, committed 98600K, reserved 1134592K
  class space    used 11886K, capacity 12698K, committed 12712K, reserved 1048576K
Event: 315.221 GC heap after
Heap after GC invocations=26 (full 3):
 PSYoungGen      total 332288K, used 69622K [0x00000000e0000000, 0x00000000fbe00000, 0x0000000100000000)
  eden space 262656K, 0% used [0x00000000e0000000,0x00000000e0000000,0x00000000f0080000)
  from space 69632K, 99% used [0x00000000f0080000,0x00000000f447d9c0,0x00000000f4480000)
  to   space 84992K, 0% used [0x00000000f6b00000,0x00000000f6b00000,0x00000000fbe00000)
 ParOldGen       total 251904K, used 180303K [0x00000000a0000000, 0x00000000af600000, 0x00000000e0000000)
  object space 251904K, 71% used [0x00000000a0000000,0x00000000ab013c70,0x00000000af600000)
 Metaspace       used 94539K, capacity 98530K, committed 98600K, reserved 1134592K
  class space    used 11886K, capacity 12698K, committed 12712K, reserved 1048576K
}
Event: 315.221 GC heap before
{Heap before GC invocations=27 (full 4):
 PSYoungGen      total 332288K, used 69622K [0x00000000e0000000, 0x00000000fbe00000, 0x0000000100000000)
  eden space 262656K, 0% used [0x00000000e0000000,0x00000000e0000000,0x00000000f0080000)
  from space 69632K, 99% used [0x00000000f0080000,0x00000000f447d9c0,0x00000000f4480000)
  to   space 84992K, 0% used [0x00000000f6b00000,0x00000000f6b00000,0x00000000fbe00000)
 ParOldGen       total 251904K, used 180303K [0x00000000a0000000, 0x00000000af600000, 0x00000000e0000000)
  object space 251904K, 71% used [0x00000000a0000000,0x00000000ab013c70,0x00000000af600000)
 Metaspace       used 94539K, capacity 98530K, committed 98600K, reserved 1134592K
  class space    used 11886K, capacity 12698K, committed 12712K, reserved 1048576K
Event: 315.397 GC heap after
Heap after GC invocations=27 (full 4):
 PSYoungGen      total 332288K, used 0K [0x00000000e0000000, 0x00000000fbe00000, 0x0000000100000000)
  eden space 262656K, 0% used [0x00000000e0000000,0x00000000e0000000,0x00000000f0080000)
  from space 69632K, 0% used [0x00000000f0080000,0x00000000f0080000,0x00000000f4480000)
  to   space 84992K, 0% used [0x00000000f6b00000,0x00000000f6b00000,0x00000000fbe00000)
 ParOldGen       total 456192K, used 110413K [0x00000000a0000000, 0x00000000bbd80000, 0x00000000e0000000)
  object space 456192K, 24% used [0x00000000a0000000,0x00000000a6bd37c0,0x00000000bbd80000)
 Metaspace       used 94148K, capacity 97450K, committed 98600K, reserved 1134592K
  class space    used 11772K, capacity 12492K, committed 12712K, reserved 1048576K
}

Deoptimization events (10 events):
Event: 315.843 Thread 0x000000001eb13800 Uncommon trap: reason=speculate_class_check action=maybe_recompile pc=0x00000000069dfa2c method=com.sun.tools.javac.code.Type.hasTag(Lcom/sun/tools/javac/code/TypeTag;)Z @ 2
Event: 315.852 Thread 0x000000001eb13800 Uncommon trap: reason=class_check action=maybe_recompile pc=0x00000000069c6d34 method=com.sun.tools.javac.comp.Attr$TypeAnnotationsValidator.validateAnnotatedType(Lcom/sun/tools/javac/tree/JCTree;Lcom/sun/tools/javac/code/Type;)V @ 99
Event: 315.852 Thread 0x000000001eb13800 Uncommon trap: reason=class_check action=maybe_recompile pc=0x00000000069c6d34 method=com.sun.tools.javac.comp.Attr$TypeAnnotationsValidator.validateAnnotatedType(Lcom/sun/tools/javac/tree/JCTree;Lcom/sun/tools/javac/code/Type;)V @ 99
Event: 315.852 Thread 0x000000001eb13800 Uncommon trap: reason=class_check action=maybe_recompile pc=0x00000000069c6d34 method=com.sun.tools.javac.comp.Attr$TypeAnnotationsValidator.validateAnnotatedType(Lcom/sun/tools/javac/tree/JCTree;Lcom/sun/tools/javac/code/Type;)V @ 99
Event: 315.874 Thread 0x000000001eb13800 Uncommon trap: reason=class_check action=maybe_recompile pc=0x0000000006971394 method=com.sun.tools.javac.util.ListBuffer.next()Ljava/lang/Object; @ 12
Event: 315.895 Thread 0x000000001eb13800 Uncommon trap: reason=unstable_if action=reinterpret pc=0x000000000697e2d8 method=com.sun.tools.javac.code.Types$19.visitClassType(Lcom/sun/tools/javac/code/Type$ClassType;Ljava/lang/Void;)Lcom/sun/tools/javac/util/List; @ 4
Event: 316.027 Thread 0x000000001eb13800 Uncommon trap: reason=class_check action=maybe_recompile pc=0x00000000069c6d34 method=com.sun.tools.javac.comp.Attr$TypeAnnotationsValidator.validateAnnotatedType(Lcom/sun/tools/javac/tree/JCTree;Lcom/sun/tools/javac/code/Type;)V @ 99
Event: 316.054 Thread 0x000000001eb13800 Uncommon trap: reason=class_check action=maybe_recompile pc=0x0000000006971394 method=com.sun.tools.javac.util.ListBuffer.next()Ljava/lang/Object; @ 12
Event: 316.112 Thread 0x000000001eb13800 Uncommon trap: reason=range_check action=make_not_entrant pc=0x0000000006c34a7c method=com.sun.tools.javac.util.Convert.utf2chars([BI[CII)I @ 25
Event: 316.199 Thread 0x000000001eb13800 Uncommon trap: reason=speculate_class_check action=maybe_recompile pc=0x0000000006c1ba54 method=com.sun.tools.javac.tree.JCTree.hasTag(Lcom/sun/tools/javac/tree/JCTree$Tag;)Z @ 2

Classes redefined (0 events):
No events

Internal exceptions (10 events):
Event: 257.711 Thread 0x0000000026be5800 Implicit null exception at 0x0000000005ccdbf3 to 0x0000000005cce059
Event: 257.714 Thread 0x0000000026be5800 Implicit null exception at 0x0000000003fb73b4 to 0x0000000003fb7865
Event: 257.717 Thread 0x0000000026be5800 Implicit null exception at 0x000000000506fc99 to 0x000000000506fd59
Event: 257.718 Thread 0x0000000026be5800 Implicit null exception at 0x0000000003d72103 to 0x0000000003d721b1
Event: 259.062 Thread 0x000000001eb14000 Exception <a 'java/lang/reflect/InvocationTargetException'> (0x00000000eea344c8) thrown at [C:\cygwin64\tmp\build\source\java-1.8.0-openjdk\tmp\jdk8u\hotspot\src\share\vm\runtime\reflection.cpp, line 1092]
Event: 259.070 Thread 0x0000000026be5800 Exception <a 'sun/nio/fs/WindowsException'> (0x00000000eec3dd98) thrown at [C:\cygwin64\tmp\build\source\java-1.8.0-openjdk\tmp\jdk8u\hotspot\src\share\vm\prims\jni.cpp, line 711]
Event: 313.487 Thread 0x0000000026be5800 Exception <a 'sun/nio/fs/WindowsException'> (0x00000000ef88c968) thrown at [C:\cygwin64\tmp\build\source\java-1.8.0-openjdk\tmp\jdk8u\hotspot\src\share\vm\prims\jni.cpp, line 711]
Event: 313.595 Thread 0x0000000026be5800 Implicit null exception at 0x000000000627198c to 0x0000000006273c99
Event: 313.626 Thread 0x0000000026be5800 Implicit null exception at 0x0000000006430bf4 to 0x00000000064314c1
Event: 315.693 Thread 0x000000001eb13800 Implicit null exception at 0x0000000006913d8b to 0x0000000006915c45

Events (10 events):
Event: 316.201 loading class com/sun/tools/javac/code/Scope$CompoundScope$CompoundScopeIterator
Event: 316.201 loading class com/sun/tools/javac/code/Scope$CompoundScope$CompoundScopeIterator done
Event: 316.201 loading class com/sun/tools/javac/code/Scope$3
Event: 316.201 loading class com/sun/tools/javac/code/Scope$3 done
Event: 316.201 loading class com/sun/tools/javac/code/Scope$3$1
Event: 316.201 loading class com/sun/tools/javac/code/Scope$3$1 done
Event: 316.202 loading class com/sun/tools/javac/code/Types$MethodFilter
Event: 316.202 loading class com/sun/tools/javac/code/Types$MethodFilter done
Event: 316.202 loading class com/sun/tools/javac/code/Types$Subst
Event: 316.202 loading class com/sun/tools/javac/code/Types$Subst done


Dynamic libraries:
0x00007ff646200000 - 0x00007ff646235000 	C:\Program Files\OpenJDK\openjdk-8u262-b10\bin\java.exe
0x00007ffe0a4e0000 - 0x00007ffe0a6d0000 	C:\Windows\SYSTEM32\ntdll.dll
0x00007ffe093f0000 - 0x00007ffe094a2000 	C:\Windows\System32\KERNEL32.DLL
0x00007ffe082e0000 - 0x00007ffe08585000 	C:\Windows\System32\KERNELBASE.dll
0x00007ffe08c70000 - 0x00007ffe08d13000 	C:\Windows\System32\ADVAPI32.dll
0x00007ffe08940000 - 0x00007ffe089de000 	C:\Windows\System32\msvcrt.dll
0x00007ffe08d20000 - 0x00007ffe08db7000 	C:\Windows\System32\sechost.dll
0x00007ffe089e0000 - 0x00007ffe08aff000 	C:\Windows\System32\RPCRT4.dll
0x00007ffe099a0000 - 0x00007ffe09b34000 	C:\Windows\System32\USER32.dll
0x00007ffe076d0000 - 0x00007ffe076f1000 	C:\Windows\System32\win32u.dll
0x00007ffe092a0000 - 0x00007ffe092c6000 	C:\Windows\System32\GDI32.dll
0x00007ffe07450000 - 0x00007ffe075e8000 	C:\Windows\System32\KERNEL32.DLL
0x00007ffe08190000 - 0x00007ffe0822e000 	C:\Windows\System32\msvcrt.dll
0x00007ffe07700000 - 0x00007ffe077fa000 	C:\Windows\System32\USER32.dll
0x00007ffdf5780000 - 0x00007ffdf5a04000 	C:\Windows\System32\GDI32.dll
0x00007ffe094b0000 - 0x00007ffe097e6000 	C:\Windows\System32\combase.dll
0x00007ffe08250000 - 0x00007ffe082d1000 	C:\Windows\System32\ucrtbase.dll
0x00007ffe09350000 - 0x00007ffe0937e000 	C:\Windows\System32\combase.dll
0x0000000067680000 - 0x0000000067752000 	C:\Program Files\OpenJDK\openjdk-8u262-b10\jre\bin\msvcr100.dll
0x0000000066e50000 - 0x0000000067678000 	C:\Program Files\OpenJDK\openjdk-8u262-b10\jre\bin\msvcr100.dll
0x00007ffe08b00000 - 0x00007ffe08b08000 	C:\Windows\System32\PSAPI.DLL
0x00007ffdf28b0000 - 0x00007ffdf28b9000 	C:\Windows\SYSTEM32\WSOCK32.dll
0x00007ffe04db0000 - 0x00007ffe04dd4000 	C:\Windows\SYSTEM32\WINMM.dll
0x00007ffe00f00000 - 0x00007ffe00f0a000 	C:\Windows\SYSTEM32\winmmbase.dll
0x00007ffe04ac0000 - 0x00007ffe04aed000 	C:\Windows\System32\cfgmgr32.dll
0x00007ffe080e0000 - 0x00007ffe0812a000 	C:\Windows\System32\WS2_32.dll
0x00007ffe08dc0000 - 0x00007ffe08e2f000 	C:\Windows\System32\WS2_32.dll
0x00007ffdf15f0000 - 0x00007ffdf15ff000 	C:\Program Files\OpenJDK\openjdk-8u262-b10\jre\bin\verify.dll
0x00007ffdf17f0000 - 0x00007ffdf1819000 	C:\Windows\SYSTEM32\ntdll.dll
0x00007ffddc130000 - 0x00007ffddc146000 	C:\Windows\System32\sechost.dll
0x00007ffe09db0000 - 0x00007ffe0a497000 	C:\Windows\System32\GDI32.dll
0x00007ffe087c0000 - 0x00007ffe08868000 	C:\Windows\System32\ucrtbase.dll
0x00007ffe07800000 - 0x00007ffe07f7b000 	C:\Windows\System32\combase.dll
0x00007ffe073a0000 - 0x00007ffe073be000 	C:\Program Files\OpenJDK\openjdk-8u262-b10\jre\bin\msvcr100.dll
0x00007ffe07400000 - 0x00007ffe0744a000 	C:\Windows\System32\PSAPI.DLL
0x00007ffe07390000 - 0x00007ffe073a0000 	C:\Windows\SYSTEM32\WINMM.dll
0x00007ffe08750000 - 0x00007ffe087a2000 	C:\Windows\System32\shlwapi.dll
0x00007ffe073e0000 - 0x00007ffe073f1000 	C:\Windows\System32\cfgmgr32.dll
0x00007ffe08230000 - 0x00007ffe08247000 	C:\Program Files\OpenJDK\openjdk-8u262-b10\jre\bin\verify.dll
0x00007ffddab40000 - 0x00007ffddab5a000 	C:\Program Files\OpenJDK\openjdk-8u262-b10\jre\bin\net.dll
0x00007ffe06bd0000 - 0x00007ffe06c37000 	C:\Windows\System32\sechost.dll
0x00007ffdd9fa0000 - 0x00007ffdd9fb2000 	C:\Windows\System32\gdi32full.dll
0x00007ffdf7c10000 - 0x00007ffdf7c36000 	C:\Windows\System32\combase.dll
0x00007ffdf1100000 - 0x00007ffdf110d000 	C:\Program Files\OpenJDK\openjdk-8u262-b10\jre\bin\msvcr100.dll
0x00007ffe06750000 - 0x00007ffe06783000 	C:\Windows\SYSTEM32\WSOCK32.dll
0x00007ffe075f0000 - 0x00007ffe07616000 	C:\Windows\SYSTEM32\VERSION.dll
0x00007ffe07280000 - 0x00007ffe072a5000 	C:\Windows\System32\cfgmgr32.dll
0x00007ffe06da0000 - 0x00007ffe06dac000 	C:\Program Files\OpenJDK\openjdk-8u262-b10\jre\bin\java.dll
0x00007ffe068e0000 - 0x00007ffe0691a000 	C:\Windows\SYSTEM32\IPHLPAPI.DLL
0x00007ffe087b0000 - 0x00007ffe087b8000 	C:\Windows\System32\NSI.dll
0x00007ffdff450000 - 0x00007ffdff466000 	C:\Windows\SYSTEM32\dhcpcsvc6.DLL
0x00007ffdff430000 - 0x00007ffdff44c000 	C:\Windows\SYSTEM32\dhcpcsvc.DLL
0x00007ffe06920000 - 0x00007ffe069eb000 	C:\Windows\SYSTEM32\DNSAPI.dll
0x00007ffdc0c40000 - 0x00007ffdc0c64000 	C:\Program Files\OpenJDK\openjdk-8u262-b10\jre\bin\sunec.dll
0x00007ffdfbbb0000 - 0x00007ffdfbbdf000 	C:\Program Files (x86)\Sangfor\SSL\ClientComponent2\SangforNspX64.dll
0x00007ffe085f0000 - 0x00007ffe08747000 	C:\Windows\System32\ole32.dll
0x00007ffe098d0000 - 0x00007ffe09995000 	C:\Windows\System32\OLEAUT32.dll
0x00007ffdffed0000 - 0x00007ffdffeda000 	C:\Windows\System32\rasadhlp.dll
0x00007ffdfe210000 - 0x00007ffdfe287000 	C:\Windows\System32\fwpuclnt.dll
0x00007ffddaf00000 - 0x00007ffddaf0c000 	C:\Program Files\OpenJDK\openjdk-8u262-b10\jre\bin\sunmscapi.dll
0x00007ffe07f80000 - 0x00007ffe080d1000 	C:\Windows\System32\CRYPT32.dll
0x00007ffe073c0000 - 0x00007ffe073d2000 	C:\Windows\System32\MSASN1.dll
0x00007ffe06eb0000 - 0x00007ffe06ed6000 	C:\Windows\SYSTEM32\ncrypt.dll
0x00007ffe06e70000 - 0x00007ffe06eab000 	C:\Windows\SYSTEM32\NTASN1.dll

VM Arguments:
jvm_args: -Xmx1536m -Dfile.encoding=GBK -Duser.country=CN -Duser.language=zh -Duser.variant 
java_command: org.gradle.launcher.daemon.bootstrap.GradleDaemon 5.4.1
java_class_path (initial): C:\Users\ASUS\gradle-5.4.1-all\wrapper\dists\gradle-5.4.1-all\3221gyojl5jsh0helicew7rwx\gradle-5.4.1\lib\gradle-launcher-5.4.1.jar
Launcher Type: SUN_STANDARD

Environment Variables:
JAVA_HOME=C:\Program Files\OpenJDK\openjdk-8u262-b10
PATH=E:\texlive\2020\bin\win32;E:\CTEX\MiKTeX\miktex\bin;E:\CTEX\CTeX\ctex\bin;E:\CTEX\CTeX\cct\bin;E:\CTEX\CTeX\ty\bin;E:\CTEX\Ghostscript\gs9.05\bin;E:\CTEX\GSview\gsview;E:\CTEX\WinEdt;C:\Windows\System32;C:\Users\ASUS\AppData\Local\Programs\Python\Python38\Scripts\;C:\Users\ASUS\AppData\Local\Programs\Python\Python38\;C:\Users\ASUS\AppData\Local\Programs\Python\Python39\Scripts\;C:\Users\ASUS\AppData\Local\Programs\Python\Python39\;D:\python\Scripts\;D:\python\;C:\Program Files\MySQL\MySQL Shell 8.0\bin\;E:\Fiddler;C:\Users\ASUS\AppData\Local\Programs\Microsoft VS Code\bin
USERNAME=ASUS
OS=Windows_NT
PROCESSOR_IDENTIFIER=Intel64 Family 6 Model 158 Stepping 10, GenuineIntel



---------------  S Y S T E M  ---------------

OS: Windows 10.0 , 64 bit Build 18362 (10.0.18362.1500)

CPU:total 12 (initial active 12) (6 cores per cpu, 2 threads per core) family 6 model 158 stepping 10, cmov, cx8, fxsr, mmx, sse, sse2, sse3, ssse3, sse4.1, sse4.2, popcnt, avx, avx2, aes, clmul, erms, 3dnowpref, lzcnt, ht, tsc, tscinvbit, bmi1, bmi2, adx

Memory: 4k page, physical 16623220k(3348252k free), swap 23830092k(6596k free)

vm_info: OpenJDK 64-Bit Server VM (25.262-b10) for windows-amd64 JRE (1.8.0_262-b10), built on Jul 13 2020 11:27:33 by "build" with MS VC++ 10.0 (VS2010)

time: Fri Jun 25 10:38:34 2021
timezone: 中国标准时间
elapsed time: 316 seconds (0d 0h 5m 16s)

