#
# There is insufficient memory for the Java Runtime Environment to continue.
# Native memory allocation (malloc) failed to allocate 65552 bytes for Chunk::new
# Possible reasons:
#   The system is out of physical RAM or swap space
#   The process is running with CompressedOops enabled, and the Java Heap may be blocking the growth of the native heap
# Possible solutions:
#   Reduce memory load on the system
#   Increase physical memory or swap space
#   Check if swap backing store is full
#   Decrease Java heap size (-Xmx/-Xms)
#   Decrease number of Java threads
#   Decrease Java thread stack sizes (-Xss)
#   Set larger code cache with -XX:ReservedCodeCacheSize=
#   JVM is running with Unscaled Compressed Oops mode in which the Java heap is
#     placed in the first 4GB address space. The Java Heap base address is the
#     maximum limit for the native heap growth. Please use -XX:HeapBaseMinAddress
#     to set the Java Heap base and to place the Java Heap above 4GB virtual address.
# This output file may be truncated or incomplete.
#
#  Out of Memory Error (allocation.cpp:389), pid=28708, tid=0x0000000000003738
#
# JRE version: OpenJDK Runtime Environment (8.0_262-b10) (build 1.8.0_262-b10)
# Java VM: OpenJDK 64-Bit Server VM (25.262-b10 mixed mode windows-amd64 compressed oops)
# Failed to write core dump. Minidumps are not enabled by default on client versions of Windows
#

---------------  T H R E A D  ---------------

Current thread (0x00000000176ed800):  JavaThread "C2 CompilerThread1" daemon [_thread_in_native, id=14136, stack(0x000000001a470000,0x000000001a570000)]

Stack: [0x000000001a470000,0x000000001a570000]
[error occurred during error reporting (printing stack bounds), id 0xc0000005]

Native frames: (J=compiled Java code, j=interpreted, Vv=VM code, C=native code)


Current CompileTask:
C2:   9581 7856       4       java.io.ObjectOutputStream::writeClassDesc (60 bytes)


---------------  P R O C E S S  ---------------

Java Threads: ( => current thread )
  0x0000000020693800 JavaThread "Cache worker for execution history cache (E:\AndroidProject\amotion_newest\Android-Motion-master\Android-Motion-master\.gradle\5.4.1\executionHistory)" [_thread_blocked, id=30544, stack(0x00000000281b0000,0x00000000282b0000)]
  0x0000000020691000 JavaThread "Execution worker for ':' Thread 11" [_thread_blocked, id=20492, stack(0x0000000027db0000,0x0000000027eb0000)]
  0x0000000020692800 JavaThread "Execution worker for ':' Thread 10" [_thread_blocked, id=8408, stack(0x0000000027cb0000,0x0000000027db0000)]
  0x0000000020692000 JavaThread "Execution worker for ':' Thread 9" [_thread_blocked, id=30520, stack(0x0000000027bb0000,0x0000000027cb0000)]
  0x0000000020689000 JavaThread "Execution worker for ':' Thread 8" [_thread_blocked, id=1812, stack(0x00000000269f0000,0x0000000026af0000)]
  0x000000002068f800 JavaThread "Execution worker for ':' Thread 7" [_thread_in_native, id=12876, stack(0x00000000268f0000,0x00000000269f0000)]
  0x000000002068f000 JavaThread "Execution worker for ':' Thread 6" [_thread_blocked, id=10052, stack(0x00000000267f0000,0x00000000268f0000)]
  0x000000002068e000 JavaThread "Execution worker for ':' Thread 5" [_thread_blocked, id=28184, stack(0x00000000266f0000,0x00000000267f0000)]
  0x000000002068d800 JavaThread "Execution worker for ':' Thread 4" [_thread_blocked, id=11620, stack(0x00000000265f0000,0x00000000266f0000)]
  0x000000002068c800 JavaThread "Execution worker for ':' Thread 3" [_thread_blocked, id=28112, stack(0x00000000264f0000,0x00000000265f0000)]
  0x000000002068b000 JavaThread "Execution worker for ':' Thread 2" [_thread_blocked, id=7116, stack(0x00000000263f0000,0x00000000264f0000)]
  0x000000002068a800 JavaThread "Execution worker for ':'" [_thread_blocked, id=20960, stack(0x0000000025cb0000,0x0000000025db0000)]
  0x000000002068c000 JavaThread "Cache worker for file content cache (E:\AndroidProject\amotion_newest\Android-Motion-master\Android-Motion-master\.gradle\5.4.1\fileContent)" [_thread_blocked, id=26908, stack(0x00000000259b0000,0x0000000025ab0000)]
  0x0000000020689800 JavaThread "Cache worker for file content cache (C:\Users\ASUS\gradle-5.4.1-all\caches\5.4.1\fileContent)" [_thread_blocked, id=9708, stack(0x00000000258b0000,0x00000000259b0000)]
  0x000000001be5a000 JavaThread "Memory manager" [_thread_blocked, id=29956, stack(0x0000000024fe0000,0x00000000250e0000)]
  0x000000001be58800 JavaThread "Cache worker for Build Output Cleanup Cache (E:\AndroidProject\amotion_newest\Android-Motion-master\Android-Motion-master\.gradle\buildOutputCleanup)" [_thread_blocked, id=30564, stack(0x00000000251b0000,0x00000000252b0000)]
  0x000000001be59000 JavaThread "pool-1-thread-1" [_thread_blocked, id=28072, stack(0x0000000023830000,0x0000000023930000)]
  0x000000001be50000 JavaThread "Build operations Thread 12" [_thread_blocked, id=22736, stack(0x00000000246e0000,0x00000000247e0000)]
  0x000000001be56000 JavaThread "Build operations Thread 11" [_thread_blocked, id=29216, stack(0x00000000245e0000,0x00000000246e0000)]
  0x000000001be57000 JavaThread "Build operations Thread 10" [_thread_blocked, id=29876, stack(0x00000000244e0000,0x00000000245e0000)]
  0x000000001be55000 JavaThread "Build operations Thread 9" [_thread_blocked, id=29728, stack(0x00000000243e0000,0x00000000244e0000)]
  0x000000001be4e800 JavaThread "Build operations Thread 8" [_thread_blocked, id=28752, stack(0x00000000242e0000,0x00000000243e0000)]
  0x000000001be4d800 JavaThread "Build operations Thread 7" [_thread_blocked, id=15364, stack(0x00000000241e0000,0x00000000242e0000)]
  0x000000001be53000 JavaThread "Build operations Thread 6" [_thread_blocked, id=27224, stack(0x00000000240e0000,0x00000000241e0000)]
  0x000000001be54800 JavaThread "Build operations Thread 5" [_thread_blocked, id=2404, stack(0x0000000023fe0000,0x00000000240e0000)]
  0x000000001be4d000 JavaThread "Build operations Thread 4" [_thread_blocked, id=6860, stack(0x0000000023ee0000,0x0000000023fe0000)]
  0x000000001be52000 JavaThread "Build operations Thread 3" [_thread_blocked, id=31468, stack(0x0000000023de0000,0x0000000023ee0000)]
  0x000000001be51800 JavaThread "Build operations Thread 2" [_thread_blocked, id=31452, stack(0x0000000023ce0000,0x0000000023de0000)]
  0x000000001be50800 JavaThread "Build operations" [_thread_blocked, id=31444, stack(0x0000000023be0000,0x0000000023ce0000)]
  0x000000001be4f000 JavaThread "Cache worker for execution history cache (C:\Users\ASUS\gradle-5.4.1-all\caches\5.4.1\executionHistory)" [_thread_blocked, id=13832, stack(0x0000000022320000,0x0000000022420000)]
  0x000000001be53800 JavaThread "Cache worker for cache directory md-rule (C:\Users\ASUS\gradle-5.4.1-all\caches\5.4.1\md-rule)" [_thread_blocked, id=9756, stack(0x0000000022220000,0x0000000022320000)]
  0x000000001be4c000 JavaThread "Cache worker for cache directory md-supplier (C:\Users\ASUS\gradle-5.4.1-all\caches\5.4.1\md-supplier)" [_thread_blocked, id=21196, stack(0x0000000022120000,0x0000000022220000)]
  0x000000001b339000 JavaThread "Cache worker for file hash cache (E:\AndroidProject\amotion_newest\Android-Motion-master\Android-Motion-master\.gradle\5.4.1\fileHashes)" [_thread_blocked, id=26628, stack(0x000000001e5d0000,0x000000001e6d0000)]
  0x000000001b335800 JavaThread "Cache worker for journal cache (C:\Users\ASUS\gradle-5.4.1-all\caches\journal-1)" [_thread_blocked, id=31624, stack(0x000000001e4d0000,0x000000001e5d0000)]
  0x000000001b338800 JavaThread "File lock request listener" [_thread_in_native, id=28948, stack(0x000000001e3d0000,0x000000001e4d0000)]
  0x000000001c557000 JavaThread "Cache worker for file hash cache (C:\Users\ASUS\gradle-5.4.1-all\caches\5.4.1\fileHashes)" [_thread_blocked, id=30892, stack(0x000000001e2d0000,0x000000001e3d0000)]
  0x000000001b726000 JavaThread "Thread-9" [_thread_in_native, id=30160, stack(0x000000001dfd0000,0x000000001e0d0000)]
  0x000000001c674800 JavaThread "Stdin handler" [_thread_blocked, id=17056, stack(0x000000001ded0000,0x000000001dfd0000)]
  0x000000001c670800 JavaThread "Asynchronous log dispatcher for DefaultDaemonConnection: socket connection from /127.0.0.1:9155 to /127.0.0.1:9156" [_thread_blocked, id=27988, stack(0x000000001ddd0000,0x000000001ded0000)]
  0x000000001b731000 JavaThread "Daemon worker" [_thread_blocked, id=26968, stack(0x000000001dcd0000,0x000000001ddd0000)]
  0x000000001b730800 JavaThread "Cancel handler" [_thread_blocked, id=29140, stack(0x000000001dad0000,0x000000001dbd0000)]
  0x000000001b751000 JavaThread "Handler for socket connection from /127.0.0.1:9155 to /127.0.0.1:9156" [_thread_in_native, id=29688, stack(0x000000001d7d0000,0x000000001d8d0000)]
  0x000000001b74f000 JavaThread "Daemon" [_thread_blocked, id=28396, stack(0x000000001d6d0000,0x000000001d7d0000)]
  0x000000001b93d000 JavaThread "Daemon periodic checks" [_thread_blocked, id=20576, stack(0x000000001d5d0000,0x000000001d6d0000)]
  0x000000001bb28000 JavaThread "Incoming local TCP Connector on port 9155" [_thread_in_native, id=17600, stack(0x000000001d420000,0x000000001d520000)]
  0x000000001ba26800 JavaThread "Daemon health stats" [_thread_blocked, id=29744, stack(0x000000001c140000,0x000000001c240000)]
  0x0000000018eb8800 JavaThread "Service Thread" daemon [_thread_blocked, id=28360, stack(0x000000001a770000,0x000000001a870000)]
  0x0000000018e31800 JavaThread "C1 CompilerThread3" daemon [_thread_blocked, id=16008, stack(0x000000001a670000,0x000000001a770000)]
  0x00000000176ee000 JavaThread "C2 CompilerThread2" daemon [_thread_blocked, id=31004, stack(0x000000001a570000,0x000000001a670000)]
=>0x00000000176ed800 JavaThread "C2 CompilerThread1" daemon [_thread_in_native, id=14136, stack(0x000000001a470000,0x000000001a570000)]
  0x0000000018dd7000 JavaThread "C2 CompilerThread0" daemon [_thread_in_native, id=25072, stack(0x000000001a370000,0x000000001a470000)]
  0x0000000018dd5000 JavaThread "Attach Listener" daemon [_thread_blocked, id=31028, stack(0x000000001a270000,0x000000001a370000)]
  0x0000000018e2a000 JavaThread "Signal Dispatcher" daemon [_thread_blocked, id=31008, stack(0x000000001a170000,0x000000001a270000)]
  0x00000000176e4800 JavaThread "Finalizer" daemon [_thread_blocked, id=31024, stack(0x000000001a010000,0x000000001a110000)]
  0x00000000176dc800 JavaThread "Reference Handler" daemon [_thread_blocked, id=31116, stack(0x0000000019f10000,0x000000001a010000)]
  0x00000000018de800 JavaThread "main" [_thread_blocked, id=31184, stack(0x0000000003520000,0x0000000003620000)]

Other Threads:
  0x00000000176d6800 VMThread [stack: 0x0000000019e10000,0x0000000019f10000] [id=31012]
  0x0000000018eba800 WatcherThread [stack: 0x000000001a870000,0x000000001a970000] [id=1464]

VM state:not at safepoint (normal execution)

VM Mutex/Monitor currently owned by a thread: None

heap address: 0x00000000a0000000, size: 1536 MB, Compressed Oops mode: 32-bit
Narrow klass base: 0x0000000000000000, Narrow klass shift: 3
Compressed class space size: 1073741824 Address: 0x0000000100000000

Heap:
 PSYoungGen      total 155648K, used 129331K [0x00000000e0000000, 0x00000000eb800000, 0x0000000100000000)
  eden space 144384K, 81% used [0x00000000e0000000,0x00000000e7364928,0x00000000e8d00000)
  from space 11264K, 99% used [0x00000000ead00000,0x00000000eb7e8540,0x00000000eb800000)
  to   space 19968K, 0% used [0x00000000e9100000,0x00000000e9100000,0x00000000ea480000)
 ParOldGen       total 180736K, used 33358K [0x00000000a0000000, 0x00000000ab080000, 0x00000000e0000000)
  object space 180736K, 18% used [0x00000000a0000000,0x00000000a2093828,0x00000000ab080000)
 Metaspace       used 60771K, capacity 63276K, committed 63384K, reserved 1103872K
  class space    used 8254K, capacity 8813K, committed 8872K, reserved 1048576K

Card table byte_map: [0x0000000012ae0000,0x0000000012df0000] byte_map_base: 0x00000000125e0000

Marking Bits: (ParMarkBitMap*) 0x00000000675fbe90
 Begin Bits: [0x00000000139f0000, 0x00000000151f0000)
 End Bits:   [0x00000000151f0000, 0x00000000169f0000)

Polling page: 0x0000000000ff0000

CodeCache: size=245760Kb used=22519Kb max_used=22519Kb free=223240Kb
 bounds [0x0000000003720000, 0x0000000004d40000, 0x0000000012720000]
 total_blobs=7893 nmethods=7100 adapters=705
 compilation: enabled

Compilation events (10 events):
Event: 9.533 Thread 0x00000000176ee000 nmethod 7851 0x0000000004d19790 code [0x0000000004d198e0, 0x0000000004d19aa8]
Event: 9.533 Thread 0x0000000018e31800 nmethod 7852 0x0000000004d17e10 code [0x0000000004d17fa0, 0x0000000004d184c8]
Event: 9.533 Thread 0x0000000018e31800 7853       3       org.gradle.tooling.internal.provider.runner.ClientForwardingTaskOperationListener::lookupExistingOperationDescriptor (43 bytes)
Event: 9.533 Thread 0x0000000018dd7000 7855   !   4       java.io.ObjectOutputStream::writeObject0 (619 bytes)
Event: 9.534 Thread 0x0000000018e31800 nmethod 7853 0x0000000004d1c7d0 code [0x0000000004d1c980, 0x0000000004d1d138]
Event: 9.534 Thread 0x0000000018e31800 7854       3       org.gradle.tooling.internal.provider.runner.OperationDependenciesResolver$$Lambda$482/516964150::test (8 bytes)
Event: 9.534 Thread 0x0000000018e31800 nmethod 7854 0x0000000004d1c290 code [0x0000000004d1c400, 0x0000000004d1c710]
Event: 9.535 Thread 0x00000000176ed800 7856       4       java.io.ObjectOutputStream::writeClassDesc (60 bytes)
Event: 9.535 Thread 0x00000000176ee000 7857       4       org.gradle.api.internal.artifacts.transform.TransformationStep::visitTransformationSteps (8 bytes)
Event: 9.539 Thread 0x00000000176ee000 nmethod 7857 0x0000000004d2e010 code [0x0000000004d2e180, 0x0000000004d2e5d8]

GC Heap History (10 events):
Event: 5.993 GC heap before
{Heap before GC invocations=9 (full 2):
 PSYoungGen      total 114688K, used 101376K [0x00000000e0000000, 0x00000000e8080000, 0x0000000100000000)
  eden space 101376K, 100% used [0x00000000e0000000,0x00000000e6300000,0x00000000e6300000)
  from space 13312K, 0% used [0x00000000e7000000,0x00000000e7000000,0x00000000e7d00000)
  to   space 13312K, 0% used [0x00000000e6300000,0x00000000e6300000,0x00000000e7000000)
 ParOldGen       total 180736K, used 17786K [0x00000000a0000000, 0x00000000ab080000, 0x00000000e0000000)
  object space 180736K, 9% used [0x00000000a0000000,0x00000000a115ea00,0x00000000ab080000)
 Metaspace       used 45102K, capacity 46114K, committed 46632K, reserved 1089536K
  class space    used 6060K, capacity 6359K, committed 6440K, reserved 1048576K
Event: 6.001 GC heap after
Heap after GC invocations=9 (full 2):
 PSYoungGen      total 114688K, used 13282K [0x00000000e0000000, 0x00000000e9e80000, 0x0000000100000000)
  eden space 101376K, 0% used [0x00000000e0000000,0x00000000e0000000,0x00000000e6300000)
  from space 13312K, 99% used [0x00000000e6300000,0x00000000e6ff8b98,0x00000000e7000000)
  to   space 15360K, 0% used [0x00000000e8f80000,0x00000000e8f80000,0x00000000e9e80000)
 ParOldGen       total 180736K, used 19117K [0x00000000a0000000, 0x00000000ab080000, 0x00000000e0000000)
  object space 180736K, 10% used [0x00000000a0000000,0x00000000a12ab6b0,0x00000000ab080000)
 Metaspace       used 45102K, capacity 46114K, committed 46632K, reserved 1089536K
  class space    used 6060K, capacity 6359K, committed 6440K, reserved 1048576K
}
Event: 6.681 GC heap before
{Heap before GC invocations=10 (full 2):
 PSYoungGen      total 114688K, used 114658K [0x00000000e0000000, 0x00000000e9e80000, 0x0000000100000000)
  eden space 101376K, 100% used [0x00000000e0000000,0x00000000e6300000,0x00000000e6300000)
  from space 13312K, 99% used [0x00000000e6300000,0x00000000e6ff8b98,0x00000000e7000000)
  to   space 15360K, 0% used [0x00000000e8f80000,0x00000000e8f80000,0x00000000e9e80000)
 ParOldGen       total 180736K, used 19117K [0x00000000a0000000, 0x00000000ab080000, 0x00000000e0000000)
  object space 180736K, 10% used [0x00000000a0000000,0x00000000a12ab6b0,0x00000000ab080000)
 Metaspace       used 52546K, capacity 54030K, committed 54184K, reserved 1095680K
  class space    used 7120K, capacity 7510K, committed 7592K, reserved 1048576K
Event: 6.693 GC heap after
Heap after GC invocations=10 (full 2):
 PSYoungGen      total 143872K, used 15357K [0x00000000e0000000, 0x00000000ea880000, 0x0000000100000000)
  eden space 128512K, 0% used [0x00000000e0000000,0x00000000e0000000,0x00000000e7d80000)
  from space 15360K, 99% used [0x00000000e8f80000,0x00000000e9e7f648,0x00000000e9e80000)
  to   space 18432K, 0% used [0x00000000e7d80000,0x00000000e7d80000,0x00000000e8f80000)
 ParOldGen       total 180736K, used 21614K [0x00000000a0000000, 0x00000000ab080000, 0x00000000e0000000)
  object space 180736K, 11% used [0x00000000a0000000,0x00000000a151bb20,0x00000000ab080000)
 Metaspace       used 52546K, capacity 54030K, committed 54184K, reserved 1095680K
  class space    used 7120K, capacity 7510K, committed 7592K, reserved 1048576K
}
Event: 7.388 GC heap before
{Heap before GC invocations=11 (full 2):
 PSYoungGen      total 143872K, used 85081K [0x00000000e0000000, 0x00000000ea880000, 0x0000000100000000)
  eden space 128512K, 54% used [0x00000000e0000000,0x00000000e44170c0,0x00000000e7d80000)
  from space 15360K, 99% used [0x00000000e8f80000,0x00000000e9e7f648,0x00000000e9e80000)
  to   space 18432K, 0% used [0x00000000e7d80000,0x00000000e7d80000,0x00000000e8f80000)
 ParOldGen       total 180736K, used 21614K [0x00000000a0000000, 0x00000000ab080000, 0x00000000e0000000)
  object space 180736K, 11% used [0x00000000a0000000,0x00000000a151bb20,0x00000000ab080000)
 Metaspace       used 57522K, capacity 59104K, committed 59160K, reserved 1099776K
  class space    used 7801K, capacity 8217K, committed 8232K, reserved 1048576K
Event: 7.400 GC heap after
Heap after GC invocations=11 (full 2):
 PSYoungGen      total 146944K, used 18133K [0x00000000e0000000, 0x00000000ec100000, 0x0000000100000000)
  eden space 128512K, 0% used [0x00000000e0000000,0x00000000e0000000,0x00000000e7d80000)
  from space 18432K, 98% used [0x00000000e7d80000,0x00000000e8f357f0,0x00000000e8f80000)
  to   space 20480K, 0% used [0x00000000ead00000,0x00000000ead00000,0x00000000ec100000)
 ParOldGen       total 180736K, used 21686K [0x00000000a0000000, 0x00000000ab080000, 0x00000000e0000000)
  object space 180736K, 11% used [0x00000000a0000000,0x00000000a152db30,0x00000000ab080000)
 Metaspace       used 57522K, capacity 59104K, committed 59160K, reserved 1099776K
  class space    used 7801K, capacity 8217K, committed 8232K, reserved 1048576K
}
Event: 7.400 GC heap before
{Heap before GC invocations=12 (full 3):
 PSYoungGen      total 146944K, used 18133K [0x00000000e0000000, 0x00000000ec100000, 0x0000000100000000)
  eden space 128512K, 0% used [0x00000000e0000000,0x00000000e0000000,0x00000000e7d80000)
  from space 18432K, 98% used [0x00000000e7d80000,0x00000000e8f357f0,0x00000000e8f80000)
  to   space 20480K, 0% used [0x00000000ead00000,0x00000000ead00000,0x00000000ec100000)
 ParOldGen       total 180736K, used 21686K [0x00000000a0000000, 0x00000000ab080000, 0x00000000e0000000)
  object space 180736K, 11% used [0x00000000a0000000,0x00000000a152db30,0x00000000ab080000)
 Metaspace       used 57522K, capacity 59104K, committed 59160K, reserved 1099776K
  class space    used 7801K, capacity 8217K, committed 8232K, reserved 1048576K
Event: 7.610 GC heap after
Heap after GC invocations=12 (full 3):
 PSYoungGen      total 146944K, used 0K [0x00000000e0000000, 0x00000000ec100000, 0x0000000100000000)
  eden space 128512K, 0% used [0x00000000e0000000,0x00000000e0000000,0x00000000e7d80000)
  from space 18432K, 0% used [0x00000000e7d80000,0x00000000e7d80000,0x00000000e8f80000)
  to   space 20480K, 0% used [0x00000000ead00000,0x00000000ead00000,0x00000000ec100000)
 ParOldGen       total 180736K, used 33350K [0x00000000a0000000, 0x00000000ab080000, 0x00000000e0000000)
  object space 180736K, 18% used [0x00000000a0000000,0x00000000a2091828,0x00000000ab080000)
 Metaspace       used 57522K, capacity 59104K, committed 59160K, reserved 1099776K
  class space    used 7801K, capacity 8217K, committed 8232K, reserved 1048576K
}
Event: 8.431 GC heap before
{Heap before GC invocations=13 (full 3):
 PSYoungGen      total 146944K, used 128512K [0x00000000e0000000, 0x00000000ec100000, 0x0000000100000000)
  eden space 128512K, 100% used [0x00000000e0000000,0x00000000e7d80000,0x00000000e7d80000)
  from space 18432K, 0% used [0x00000000e7d80000,0x00000000e7d80000,0x00000000e8f80000)
  to   space 20480K, 0% used [0x00000000ead00000,0x00000000ead00000,0x00000000ec100000)
 ParOldGen       total 180736K, used 33350K [0x00000000a0000000, 0x00000000ab080000, 0x00000000e0000000)
  object space 180736K, 18% used [0x00000000a0000000,0x00000000a2091828,0x00000000ab080000)
 Metaspace       used 60369K, capacity 62886K, committed 63128K, reserved 1103872K
  class space    used 8229K, capacity 8802K, committed 8872K, reserved 1048576K
Event: 8.437 GC heap after
Heap after GC invocations=13 (full 3):
 PSYoungGen      total 155648K, used 11169K [0x00000000e0000000, 0x00000000eb800000, 0x0000000100000000)
  eden space 144384K, 0% used [0x00000000e0000000,0x00000000e0000000,0x00000000e8d00000)
  from space 11264K, 99% used [0x00000000ead00000,0x00000000eb7e8540,0x00000000eb800000)
  to   space 19968K, 0% used [0x00000000e9100000,0x00000000e9100000,0x00000000ea480000)
 ParOldGen       total 180736K, used 33358K [0x00000000a0000000, 0x00000000ab080000, 0x00000000e0000000)
  object space 180736K, 18% used [0x00000000a0000000,0x00000000a2093828,0x00000000ab080000)
 Metaspace       used 60369K, capacity 62886K, committed 63128K, reserved 1103872K
  class space    used 8229K, capacity 8802K, committed 8872K, reserved 1048576K
}

Deoptimization events (10 events):
Event: 8.821 Thread 0x000000001b731000 Uncommon trap: reason=class_check action=maybe_recompile pc=0x000000000458c2c0 method=java.io.ObjectOutputStream$BlockDataOutputStream.drain()V @ 36
Event: 8.821 Thread 0x000000001b731000 Uncommon trap: reason=class_check action=maybe_recompile pc=0x000000000458c2c0 method=java.io.ObjectOutputStream$BlockDataOutputStream.drain()V @ 36
Event: 8.821 Thread 0x000000001b731000 Uncommon trap: reason=class_check action=maybe_recompile pc=0x000000000458c2c0 method=java.io.ObjectOutputStream$BlockDataOutputStream.drain()V @ 36
Event: 9.155 Thread 0x000000001b731000 Uncommon trap: reason=unstable_if action=reinterpret pc=0x0000000003af4df0 method=java.lang.String.regionMatches(ZILjava/lang/String;II)Z @ 123
Event: 9.169 Thread 0x000000001b731000 Uncommon trap: reason=unstable_if action=reinterpret pc=0x0000000004ae7720 method=org.gradle.internal.snapshot.impl.DirectorySnapshotter$1.isAllowed(Ljava/nio/file/Path;Ljava/lang/String;ZLjava/nio/file/attribute/BasicFileAttributes;Ljava/lang/Iterable;)Z
Event: 9.270 Thread 0x0000000020689000 Uncommon trap: reason=unstable_if action=reinterpret pc=0x0000000004ae2b8c method=com.google.common.cache.LocalCache$Segment.evictEntries(Lcom/google/common/cache/ReferenceEntry;)V @ 69
Event: 9.274 Thread 0x000000002068c800 Uncommon trap: reason=class_check action=maybe_recompile pc=0x0000000004ac1824 method=org.gradle.internal.fingerprint.impl.AbsolutePathFingerprintingStrategy$1.visit(Lorg/gradle/internal/snapshot/FileSystemLocationSnapshot;)V @ 11
Event: 9.384 Thread 0x0000000020689000 Uncommon trap: reason=unstable_if action=reinterpret pc=0x0000000003ccfa04 method=java.util.concurrent.ConcurrentLinkedQueue.poll()Ljava/lang/Object; @ 25
Event: 9.428 Thread 0x000000002068b000 Uncommon trap: reason=unstable_if action=reinterpret pc=0x000000000441b850 method=java.util.concurrent.ConcurrentLinkedQueue.offer(Ljava/lang/Object;)Z @ 40
Event: 9.428 Thread 0x0000000020691000 Uncommon trap: reason=unstable_if action=reinterpret pc=0x0000000004ad0430 method=java.util.concurrent.ConcurrentLinkedQueue.offer(Ljava/lang/Object;)Z @ 40

Classes redefined (0 events):
No events

Internal exceptions (10 events):
Event: 6.876 Thread 0x000000001b731000 Exception <a 'java/lang/NullPointerException'> (0x00000000e111a298) thrown at [C:\cygwin64\tmp\build\source\java-1.8.0-openjdk\tmp\jdk8u\hotspot\src\share\vm\interpreter\linkResolver.cpp, line 1287]
Event: 8.107 Thread 0x000000001b726000 Exception <a 'java/lang/NoSuchMethodError': <clinit>> (0x00000000e13015e8) thrown at [C:\cygwin64\tmp\build\source\java-1.8.0-openjdk\tmp\jdk8u\hotspot\src\share\vm\prims\jni.cpp, line 1616]
Event: 8.108 Thread 0x000000001b726000 Exception <a 'java/lang/NoSuchMethodError': <clinit>> (0x00000000e4d2b998) thrown at [C:\cygwin64\tmp\build\source\java-1.8.0-openjdk\tmp\jdk8u\hotspot\src\share\vm\prims\jni.cpp, line 1616]
Event: 8.109 Thread 0x000000001b726000 Exception <a 'java/lang/NoSuchMethodError': <clinit>> (0x00000000e4d37b90) thrown at [C:\cygwin64\tmp\build\source\java-1.8.0-openjdk\tmp\jdk8u\hotspot\src\share\vm\prims\jni.cpp, line 1616]
Event: 8.124 Thread 0x000000001b726000 Exception <a 'java/lang/NoSuchMethodError': <clinit>> (0x00000000e4effce8) thrown at [C:\cygwin64\tmp\build\source\java-1.8.0-openjdk\tmp\jdk8u\hotspot\src\share\vm\prims\jni.cpp, line 1616]
Event: 8.125 Thread 0x000000001b726000 Exception <a 'java/lang/NoSuchMethodError': <clinit>> (0x00000000e4f362c0) thrown at [C:\cygwin64\tmp\build\source\java-1.8.0-openjdk\tmp\jdk8u\hotspot\src\share\vm\prims\jni.cpp, line 1616]
Event: 8.126 Thread 0x000000001b726000 Exception <a 'java/lang/NoSuchMethodError': <clinit>> (0x00000000e4f37dd8) thrown at [C:\cygwin64\tmp\build\source\java-1.8.0-openjdk\tmp\jdk8u\hotspot\src\share\vm\prims\jni.cpp, line 1616]
Event: 8.331 Thread 0x000000002068e000 Implicit null exception at 0x00000000042a7e14 to 0x00000000042a7e8b
Event: 8.442 Thread 0x000000001b726000 Exception <a 'java/lang/NoSuchMethodError': <clinit>> (0x00000000e0050e08) thrown at [C:\cygwin64\tmp\build\source\java-1.8.0-openjdk\tmp\jdk8u\hotspot\src\share\vm\prims\jni.cpp, line 1616]
Event: 8.821 Thread 0x000000001b731000 Exception <a 'java/lang/NoSuchMethodError': <clinit>> (0x00000000e01ae9a0) thrown at [C:\cygwin64\tmp\build\source\java-1.8.0-openjdk\tmp\jdk8u\hotspot\src\share\vm\prims\jni.cpp, line 1616]

Events (10 events):
Event: 9.384 Thread 0x0000000020689000 DEOPT PACKING pc=0x0000000003ccfa04 sp=0x0000000026aed8d0
Event: 9.384 Thread 0x0000000020689000 DEOPT UNPACKING pc=0x000000000376557b sp=0x0000000026aed7f8 mode 2
Event: 9.428 Thread 0x000000002068b000 Uncommon trap: trap_request=0xffffff65 fr.pc=0x000000000441b850
Event: 9.428 Thread 0x000000002068b000 DEOPT PACKING pc=0x000000000441b850 sp=0x00000000264ed0d0
Event: 9.428 Thread 0x000000002068b000 DEOPT UNPACKING pc=0x000000000376557b sp=0x00000000264ed068 mode 2
Event: 9.428 Thread 0x0000000020691000 Uncommon trap: trap_request=0xffffff65 fr.pc=0x0000000004ad0430
Event: 9.428 Thread 0x0000000020691000 DEOPT PACKING pc=0x0000000004ad0430 sp=0x0000000027eacb80
Event: 9.428 Thread 0x0000000020691000 DEOPT UNPACKING pc=0x000000000376557b sp=0x0000000027eac9c0 mode 2
Event: 9.533 Executing VM operation: RevokeBias
Event: 9.534 Executing VM operation: RevokeBias done


Dynamic libraries:
0x00007ff646200000 - 0x00007ff646235000 	C:\Program Files\OpenJDK\openjdk-8u262-b10\bin\java.exe
0x00007ffe0a4e0000 - 0x00007ffe0a6d0000 	C:\Windows\SYSTEM32\ntdll.dll
0x00007ffe093f0000 - 0x00007ffe094a2000 	C:\Windows\System32\KERNEL32.DLL
0x00007ffe082e0000 - 0x00007ffe08585000 	C:\Windows\System32\KERNELBASE.dll
0x00007ffe08c70000 - 0x00007ffe08d13000 	C:\Windows\System32\ADVAPI32.dll
0x00007ffe08940000 - 0x00007ffe089de000 	C:\Windows\System32\msvcrt.dll
0x00007ffe08d20000 - 0x00007ffe08db7000 	C:\Windows\System32\sechost.dll
0x00007ffe089e0000 - 0x00007ffe08aff000 	C:\Windows\System32\RPCRT4.dll
0x00007ffe099a0000 - 0x00007ffe09b34000 	C:\Windows\System32\USER32.dll
0x00007ffe076d0000 - 0x00007ffe076f1000 	C:\Windows\System32\win32u.dll
0x00007ffe092a0000 - 0x00007ffe092c6000 	C:\Windows\System32\GDI32.dll
0x00007ffe07450000 - 0x00007ffe075e8000 	C:\Windows\System32\gdi32full.dll
0x00007ffe08190000 - 0x00007ffe0822e000 	C:\Windows\System32\msvcp_win.dll
0x00007ffe07700000 - 0x00007ffe077fa000 	C:\Windows\System32\ucrtbase.dll
0x00007ffdf5780000 - 0x00007ffdf5a04000 	C:\Windows\WinSxS\amd64_microsoft.windows.common-controls_6595b64144ccf1df_6.0.18362.1556_none_9e7e372fe45e41d5\COMCTL32.dll
0x00007ffe094b0000 - 0x00007ffe097e6000 	C:\Windows\System32\combase.dll
0x00007ffe08250000 - 0x00007ffe082d1000 	C:\Windows\System32\bcryptPrimitives.dll
0x00007ffe09350000 - 0x00007ffe0937e000 	C:\Windows\System32\IMM32.DLL
0x0000000067680000 - 0x0000000067752000 	C:\Program Files\OpenJDK\openjdk-8u262-b10\jre\bin\msvcr100.dll
0x0000000066e50000 - 0x0000000067678000 	C:\Program Files\OpenJDK\openjdk-8u262-b10\jre\bin\server\jvm.dll
0x00007ffe08b00000 - 0x00007ffe08b08000 	C:\Windows\System32\PSAPI.DLL
0x00007ffdf28b0000 - 0x00007ffdf28b9000 	C:\Windows\SYSTEM32\WSOCK32.dll
0x00007ffe00f00000 - 0x00007ffe00f0a000 	C:\Windows\SYSTEM32\VERSION.dll
0x00007ffe04db0000 - 0x00007ffe04dd4000 	C:\Windows\SYSTEM32\WINMM.dll
0x00007ffe08dc0000 - 0x00007ffe08e2f000 	C:\Windows\System32\WS2_32.dll
0x00007ffe04ac0000 - 0x00007ffe04aed000 	C:\Windows\SYSTEM32\winmmbase.dll
0x00007ffe080e0000 - 0x00007ffe0812a000 	C:\Windows\System32\cfgmgr32.dll
0x00007ffdf15f0000 - 0x00007ffdf15ff000 	C:\Program Files\OpenJDK\openjdk-8u262-b10\jre\bin\verify.dll
0x00007ffdd9fe0000 - 0x00007ffdda009000 	C:\Program Files\OpenJDK\openjdk-8u262-b10\jre\bin\java.dll
0x00007ffddab40000 - 0x00007ffddab56000 	C:\Program Files\OpenJDK\openjdk-8u262-b10\jre\bin\zip.dll
0x00007ffe09db0000 - 0x00007ffe0a497000 	C:\Windows\System32\SHELL32.dll
0x00007ffe087c0000 - 0x00007ffe08868000 	C:\Windows\System32\shcore.dll
0x00007ffe07800000 - 0x00007ffe07f7b000 	C:\Windows\System32\windows.storage.dll
0x00007ffe073a0000 - 0x00007ffe073be000 	C:\Windows\System32\profapi.dll
0x00007ffe07400000 - 0x00007ffe0744a000 	C:\Windows\System32\powrprof.dll
0x00007ffe07390000 - 0x00007ffe073a0000 	C:\Windows\System32\UMPDC.dll
0x00007ffe08750000 - 0x00007ffe087a2000 	C:\Windows\System32\shlwapi.dll
0x00007ffe073e0000 - 0x00007ffe073f1000 	C:\Windows\System32\kernel.appcore.dll
0x00007ffe08230000 - 0x00007ffe08247000 	C:\Windows\System32\cryptsp.dll
0x00007ffdd9fa0000 - 0x00007ffdd9fba000 	C:\Program Files\OpenJDK\openjdk-8u262-b10\jre\bin\net.dll
0x00007ffe06bd0000 - 0x00007ffe06c37000 	C:\Windows\system32\mswsock.dll
0x00007ffdd85c0000 - 0x00007ffdd85d2000 	C:\Program Files\OpenJDK\openjdk-8u262-b10\jre\bin\nio.dll
0x00007ffdf7c10000 - 0x00007ffdf7c36000 	C:\Users\ASUS\gradle-5.4.1-all\native\29\windows-amd64\native-platform.dll
0x00007ffdf1100000 - 0x00007ffdf110d000 	C:\Program Files\OpenJDK\openjdk-8u262-b10\jre\bin\management.dll
0x00007ffe06750000 - 0x00007ffe06783000 	C:\Windows\system32\rsaenh.dll
0x00007ffe075f0000 - 0x00007ffe07616000 	C:\Windows\System32\bcrypt.dll
0x00007ffe07280000 - 0x00007ffe072a5000 	C:\Windows\SYSTEM32\USERENV.dll
0x00007ffe06da0000 - 0x00007ffe06dac000 	C:\Windows\SYSTEM32\CRYPTBASE.dll
0x00007ffe068e0000 - 0x00007ffe0691a000 	C:\Windows\SYSTEM32\IPHLPAPI.DLL
0x00007ffe087b0000 - 0x00007ffe087b8000 	C:\Windows\System32\NSI.dll
0x00007ffdff450000 - 0x00007ffdff466000 	C:\Windows\SYSTEM32\dhcpcsvc6.DLL
0x00007ffdff430000 - 0x00007ffdff44c000 	C:\Windows\SYSTEM32\dhcpcsvc.DLL
0x00007ffe06920000 - 0x00007ffe069eb000 	C:\Windows\SYSTEM32\DNSAPI.dll

VM Arguments:
jvm_args: -Xmx1536m -Dfile.encoding=GBK -Duser.country=CN -Duser.language=zh -Duser.variant 
java_command: org.gradle.launcher.daemon.bootstrap.GradleDaemon 5.4.1
java_class_path (initial): C:\Users\ASUS\gradle-5.4.1-all\wrapper\dists\gradle-5.4.1-all\3221gyojl5jsh0helicew7rwx\gradle-5.4.1\lib\gradle-launcher-5.4.1.jar
Launcher Type: SUN_STANDARD

Environment Variables:
JAVA_HOME=C:\Program Files\OpenJDK\openjdk-8u262-b10
PATH=E:\texlive\2020\bin\win32;E:\CTEX\MiKTeX\miktex\bin;E:\CTEX\CTeX\ctex\bin;E:\CTEX\CTeX\cct\bin;E:\CTEX\CTeX\ty\bin;E:\CTEX\Ghostscript\gs9.05\bin;E:\CTEX\GSview\gsview;E:\CTEX\WinEdt;C:\Windows\System32;C:\Users\ASUS\AppData\Local\Programs\Python\Python38\Scripts\;C:\Users\ASUS\AppData\Local\Programs\Python\Python38\;C:\Users\ASUS\AppData\Local\Programs\Python\Python39\Scripts\;C:\Users\ASUS\AppData\Local\Programs\Python\Python39\;D:\python\Scripts\;D:\python\;C:\Program Files\MySQL\MySQL Shell 8.0\bin\;E:\Fiddler;C:\Users\ASUS\AppData\Local\Programs\Microsoft VS Code\bin
USERNAME=ASUS
OS=Windows_NT
PROCESSOR_IDENTIFIER=Intel64 Family 6 Model 158 Stepping 10, GenuineIntel



---------------  S Y S T E M  ---------------

OS: Windows 10.0 , 64 bit Build 18362 (10.0.18362.1500)

CPU:total 12 (initial active 12) (6 cores per cpu, 2 threads per core) family 6 model 158 stepping 10, cmov, cx8, fxsr, mmx, sse, sse2, sse3, ssse3, sse4.1, sse4.2, popcnt, avx, avx2, aes, clmul, erms, 3dnowpref, lzcnt, ht, tsc, tscinvbit, bmi1, bmi2, adx

Memory: 4k page, physical 16623220k(3093572k free), swap 23830092k(5452k free)

vm_info: OpenJDK 64-Bit Server VM (25.262-b10) for windows-amd64 JRE (1.8.0_262-b10), built on Jul 13 2020 11:27:33 by "build" with MS VC++ 10.0 (VS2010)

time: Fri Jun 25 10:59:19 2021
timezone: 中国标准时间
elapsed time: 9 seconds (0d 0h 0m 9s)

